<?xml version="1.0" encoding="UTF-8"?>
<!-- Generated by org.testng.reporters.JUnitReportReporter -->
<testsuite skipped="0" hostname="nil_cr7" name="TestNG.NewTest" tests="1" failures="0" timestamp="2022-01-10T19:53:56 IST" time="0.016" errors="0">
  <testcase name="f" time="0.016" classname="TestNG.NewTest"/>
  <system-out/>
</testsuite> <!-- TestNG.NewTest -->
