<?xml version="1.0" encoding="UTF-8"?>
<!-- Generated by org.testng.reporters.JUnitReportReporter -->
<testsuite skipped="0" hostname="nil_cr7" name="TestNG.NewTest1" tests="1" failures="0" timestamp="2022-01-11T10:46:17 IST" time="0.016" errors="0">
  <testcase name="practice" time="0.016" classname="TestNG.NewTest1"/>
  <system-out/>
</testsuite> <!-- TestNG.NewTest1 -->
