<?xml version="1.0" encoding="UTF-8"?>
<!-- Generated by org.testng.reporters.JUnitReportReporter -->
<testsuite skipped="0" hostname="nil_cr7" name="TestNG.LoginTestCase" tests="3" failures="0" timestamp="2022-01-11T10:37:34 IST" time="0.018" errors="0">
  <testcase name="loginWithEmpty" time="0.018" classname="TestNG.LoginTestCase"/>
  <system-out/>
  <testcase name="loginWithInValidUser" time="0.000" classname="TestNG.LoginTestCase"/>
  <system-out/>
  <testcase name="loginWithValidUser" time="0.000" classname="TestNG.LoginTestCase"/>
  <system-out/>
</testsuite> <!-- TestNG.LoginTestCase -->
