<?xml version="1.0" encoding="UTF-8"?>
<!-- Generated by org.testng.reporters.JUnitReportReporter -->
<testsuite skipped="0" hostname="nil_cr7" name="TestNG.LoginTestCaseWithPriority" tests="3" failures="0" timestamp="2022-01-11T10:39:49 IST" time="0.016" errors="0">
  <testcase name="loginWithValidUser" time="0.016" classname="TestNG.LoginTestCaseWithPriority"/>
  <system-out/>
  <testcase name="loginWithInValidUser" time="0.000" classname="TestNG.LoginTestCaseWithPriority"/>
  <system-out/>
  <testcase name="loginWithEmpty" time="0.000" classname="TestNG.LoginTestCaseWithPriority"/>
  <system-out/>
</testsuite> <!-- TestNG.LoginTestCaseWithPriority -->
